  stdafx.cpp
F:\work\download\mt5\MetaTrader5SDK\Include\Config\MT5APIConfigFeeder.h(1,1): warning C4819: 该文件包含不能在当前代码页(936)中表示的字符。请将该文件保存为 Unicode 格式以防止数据丢失
F:\work\download\mt5\MetaTrader5SDK\Include\Bases\MT5APIClient.h(1,1): warning C4819: 该文件包含不能在当前代码页(936)中表示的字符。请将该文件保存为 Unicode 格式以防止数据丢失
F:\work\download\mt5\MetaTrader5SDK\Include\Config\MT5APIConfigRoute.h(1,1): warning C4819: 该文件包含不能在当前代码页(936)中表示的字符。请将该文件保存为 Unicode 格式以防止数据丢失
F:\work\download\mt5\MetaTrader5SDK\Include\Config\MT5APIConfigMessenger.h(1,1): warning C4819: 该文件包含不能在当前代码页(936)中表示的字符。请将该文件保存为 Unicode 格式以防止数据丢失
  NFA.Reports.cpp
  NFAOrderRecord.cpp
  NFATradeRecord.cpp
  PluginInstance.cpp
  RequestBase.cpp
  PluginReports.cpp
  SLTPBase.cpp
  AdjustmentsReport.cpp
  ConcordanceReport.cpp
  CustomerReport.cpp
  ManagerReport.cpp
  MarketEventsReport.cpp
  OrderbookReport.cpp
  TickReport.cpp
  TradeReport.cpp
  ReportColumn.cpp
F:\work\download\mt5\MetaTrader5SDK\Examples\Report\NFA.Reports\Plugin\PluginReports.cpp(688,1): warning C4819: 该文件包含不能在当前代码页(936)中表示的字符。请将该文件保存为 Unicode 格式以防止数据丢失
  TextBase.cpp
  TextBaseWriter.cpp
  TextReader.cpp
  UnzipFile.cpp
  ZipFile.cpp
  ZLib.cpp
F:\work\download\mt5\MetaTrader5SDK\Examples\Report\NFA.Reports\Tools\TextReader.cpp(1,1): warning C4819: 该文件包含不能在当前代码页(936)中表示的字符。请将该文件保存为 Unicode 格式以防止数据丢失
F:\work\download\mt5\MetaTrader5SDK\Examples\Report\NFA.Reports\Tools\Zip\ZipFile.cpp(1,1): warning C4819: 该文件包含不能在当前代码页(936)中表示的字符。请将该文件保存为 Unicode 格式以防止数据丢失
F:\work\download\mt5\MetaTrader5SDK\Examples\Report\NFA.Reports\Tools\Zip\UnzipFile.cpp(1,1): warning C4819: 该文件包含不能在当前代码页(936)中表示的字符。请将该文件保存为 Unicode 格式以防止数据丢失
F:\work\download\mt5\MetaTrader5SDK\Examples\Report\NFA.Reports\Tools\Zip\ZipFile.cpp(740,1): warning C4819: 该文件包含不能在当前代码页(936)中表示的字符。请将该文件保存为 Unicode 格式以防止数据丢失
NFA.Reports.rc(10): fatal error RC1015: cannot open include file 'afxres.h'.
  
